<?xml version="1.0" encoding="UTF-8"?>
<!-- Generated by org.testng.reporters.JUnitXMLReporter -->
<testsuite ignored="0" hostname="NIRMAL-RAWAT" failures="1" tests="9" name="full package" time="77.97" errors="0" timestamp="2024-11-05T18:22:22 IST">
  <testcase classname="Kane.Selenium_java.Alert" name="alertsPractice" time="7.292"/>
  <testcase classname="Kane.Selenium_java.BrokenLinks" name="validateBrokenLinks" time="9.213">
    <failure type="java.lang.AssertionError" message="The following asserts failed:
	The link with Text Appium is broken with code: 403 expected [true] but found [false],
	The link with Text Broken Link is broken with code: 404 expected [true] but found [false]">
      <![CDATA[java.lang.AssertionError: The following asserts failed:
The link with Text Appium is broken with code: 403 expected [true] but found [false],
The link with Text Broken Link is broken with code: 404 expected [true] but found [false]
at Kane.Selenium_java.BrokenLinks.validateBrokenLinks(BrokenLinks.java:102)
at java.base/java.util.ArrayList.forEach(ArrayList.java:1596)
... Removed 27 stack frames]]>
    </failure>
  </testcase> <!-- validateBrokenLinks -->
  <testcase classname="Kane.Selenium_java.Misc" name="miscelaneous" time="3.342"/>
  <testcase classname="Kane.Selenium_java.Practice" name="endToEndTest" time="14.195"/>
  <testcase classname="Kane.Selenium_java.Scope" name="ClickOnLinks" time="27.091"/>
  <testcase classname="Kane.Selenium_java.Scope" name="FooterLinkCount" time="4.632"/>
  <testcase classname="Kane.Selenium_java.Scope" name="LinkCounter" time="3.873"/>
  <testcase classname="Kane.Selenium_java.Scope" name="oneColumnLinkCount" time="4.209"/>
  <testcase classname="Kane.Selenium_java.Scroll" name="scrollDemo" time="4.015"/>
</testsuite> <!-- full package -->
