<?xml version="1.0" encoding="UTF-8"?>
<!-- Generated by org.testng.reporters.JUnitXMLReporter -->
<testsuite ignored="3" hostname="NIRMAL-RAWAT" failures="1" tests="5" name="Test" time="41.15" errors="0" timestamp="2024-11-05T18:11:17 IST">
  <testcase classname="Kane.Selenium_java.BrokenLinks" name="validateBrokenLinks" time="12.005">
    <failure type="java.lang.AssertionError" message="The following asserts failed:
	The link with Text Appium is broken with code: 403 expected [true] but found [false],
	The link with Text Broken Link is broken with code: 404 expected [true] but found [false]">
      <![CDATA[java.lang.AssertionError: The following asserts failed:
The link with Text Appium is broken with code: 403 expected [true] but found [false],
The link with Text Broken Link is broken with code: 404 expected [true] but found [false]
at Kane.Selenium_java.BrokenLinks.validateBrokenLinks(BrokenLinks.java:102)
at java.base/java.util.ArrayList.forEach(ArrayList.java:1596)
... Removed 27 stack frames]]>
    </failure>
  </testcase> <!-- validateBrokenLinks -->
  <testcase classname="Kane.Selenium_java.Alert" name="alertsPractice" time="6.297"/>
  <testcase classname="Kane.Selenium_java.Practice" name="endToEndTest" time="14.268"/>
  <testcase classname="Kane.Selenium_java.Scroll" name="scrollDemo" time="4.412"/>
  <testcase classname="Kane.Selenium_java.Scope" name="FooterLinkCount" time="4.099"/>
  <testcase classname="Kane.Selenium_java.Scope" name="ClickOnLinks" time="0.0">
    <ignored/>
  </testcase> <!-- ClickOnLinks -->
  <testcase classname="Kane.Selenium_java.Scope" name="LinkCounter" time="0.0">
    <ignored/>
  </testcase> <!-- LinkCounter -->
  <testcase classname="Kane.Selenium_java.Scope" name="oneColumnLinkCount" time="0.0">
    <ignored/>
  </testcase> <!-- oneColumnLinkCount -->
</testsuite> <!-- Test -->
